<?xml version="1.0" encoding="UTF-8"?>
<!-- Generated by org.testng.reporters.JUnitReportReporter -->
<testsuite skipped="2" hostname="ImTi" name="Tndataprovider" tests="5" failures="0" timestamp="2020-09-26T22:45:09 GMT-12:00" time="19.622" errors="1">
  <testcase name="openbrowser" time="12.645" classname="Tndataprovider">
    <error type="org.openqa.selenium.SessionNotCreatedException" message="session not created
from disconnected: received Inspector.detached event
  (Session info: chrome=85.0.4183.102)
Build info: version: &#039;3.141.59&#039;, revision: &#039;e82be7d358&#039;, time: &#039;2018-11-14T08:25:53&#039;
System info: host: &#039;IMTI&#039;, ip: &#039;192.168.0.105&#039;, os.name: &#039;Windows 7&#039;, os.arch: &#039;amd64&#039;, os.version: &#039;6.1&#039;, java.version: &#039;1.8.0_231&#039;
Driver info: driver.version: ChromeDriver
remote stacktrace: Backtrace:
	Ordinal0 [0x012887E3+2852835]
	Ordinal0 [0x01175BB1+1727409]
	Ordinal0 [0x0104E4B9+517305]
	Ordinal0 [0x01046959+485721]
	Ordinal0 [0x0104656C+484716]
	Ordinal0 [0x01045E98+482968]
	Ordinal0 [0x010452D1+479953]
	Ordinal0 [0x01045515+480533]
	Ordinal0 [0x01044F45+479045]
	Ordinal0 [0x0104D225+512549]
	Ordinal0 [0x01044F02+478978]
	Ordinal0 [0x01045B19+482073]
	Ordinal0 [0x010452D1+479953]
	Ordinal0 [0x01045515+480533]
	Ordinal0 [0x01044F45+479045]
	Ordinal0 [0x0104BA6E+506478]
	Ordinal0 [0x01044F02+478978]
	Ordinal0 [0x01045B19+482073]
	Ordinal0 [0x010452D1+479953]
	Ordinal0 [0x01045515+480533]
	Ordinal0 [0x01044F45+479045]
	Ordinal0 [0x01049FC6+499654]
	Ordinal0 [0x01044F02+478978]
	Ordinal0 [0x01045B19+482073]
	Ordinal0 [0x010452D1+479953]
	Ordinal0 [0x01045515+480533]
	Ordinal0 [0x01044F45+479045]
	Ordinal0 [0x01049587+497031]
	Ordinal0 [0x01044F02+478978]
	Ordinal0 [0x01045B19+482073]
	Ordinal0 [0x010452D1+479953]
	Ordinal0 [0x01045515+480533]
	Ordinal0 [0x01044F45+479045]
	Ordinal0 [0x010416BC+464572]
	Ordinal0 [0x01044F02+478978]
	Ordinal0 [0x01044E57+478807]
	Ordinal0 [0x0104F300+520960]
	Ordinal0 [0x00FFE489+189577]
	Ordinal0 [0x00FFD7FD+186365]
	Ordinal0 [0x00FFB70B+177931]
	Ordinal0 [0x00FE2584+75140]
	Ordinal0 [0x00FE3650+79440]
	Ordinal0 [0x00FE35E9+79337]
	Ordinal0 [0x0118AD5C+1813852]
	GetHandleVerifier [0x013AC616+1075574]
	GetHandleVerifier [0x013AC367+1074887]
	GetHandleVerifier [0x013B7497+1120247]
	GetHandleVerifier [0x013ACC16+1077110]
	Ordinal0 [0x01183206+1782278]
	Ordinal0 [0x0118C3BB+1819579]
	Ordinal0 [0x0118C523+1819939]
	Ordinal0 [0x011A2B45+1911621]
	BaseThreadInitThunk [0x76B93677+18]
	RtlInitializeExceptionChain [0x77E69D72+99]
	RtlInitializeExceptionChain [0x77E69D45+54]
">
      <![CDATA[org.openqa.selenium.SessionNotCreatedException: session not created
from disconnected: received Inspector.detached event
  (Session info: chrome=85.0.4183.102)
Build info: version: '3.141.59', revision: 'e82be7d358', time: '2018-11-14T08:25:53'
System info: host: 'IMTI', ip: '192.168.0.105', os.name: 'Windows 7', os.arch: 'amd64', os.version: '6.1', java.version: '1.8.0_231'
Driver info: driver.version: ChromeDriver
remote stacktrace: Backtrace:
Ordinal0 [0x012887E3+2852835]
Ordinal0 [0x01175BB1+1727409]
Ordinal0 [0x0104E4B9+517305]
Ordinal0 [0x01046959+485721]
Ordinal0 [0x0104656C+484716]
Ordinal0 [0x01045E98+482968]
Ordinal0 [0x010452D1+479953]
Ordinal0 [0x01045515+480533]
Ordinal0 [0x01044F45+479045]
Ordinal0 [0x0104D225+512549]
Ordinal0 [0x01044F02+478978]
Ordinal0 [0x01045B19+482073]
Ordinal0 [0x010452D1+479953]
Ordinal0 [0x01045515+480533]
Ordinal0 [0x01044F45+479045]
Ordinal0 [0x0104BA6E+506478]
Ordinal0 [0x01044F02+478978]
Ordinal0 [0x01045B19+482073]
Ordinal0 [0x010452D1+479953]
Ordinal0 [0x01045515+480533]
Ordinal0 [0x01044F45+479045]
Ordinal0 [0x01049FC6+499654]
Ordinal0 [0x01044F02+478978]
Ordinal0 [0x01045B19+482073]
Ordinal0 [0x010452D1+479953]
Ordinal0 [0x01045515+480533]
Ordinal0 [0x01044F45+479045]
Ordinal0 [0x01049587+497031]
Ordinal0 [0x01044F02+478978]
Ordinal0 [0x01045B19+482073]
Ordinal0 [0x010452D1+479953]
Ordinal0 [0x01045515+480533]
Ordinal0 [0x01044F45+479045]
Ordinal0 [0x010416BC+464572]
Ordinal0 [0x01044F02+478978]
Ordinal0 [0x01044E57+478807]
Ordinal0 [0x0104F300+520960]
Ordinal0 [0x00FFE489+189577]
Ordinal0 [0x00FFD7FD+186365]
Ordinal0 [0x00FFB70B+177931]
Ordinal0 [0x00FE2584+75140]
Ordinal0 [0x00FE3650+79440]
Ordinal0 [0x00FE35E9+79337]
Ordinal0 [0x0118AD5C+1813852]
GetHandleVerifier [0x013AC616+1075574]
GetHandleVerifier [0x013AC367+1074887]
GetHandleVerifier [0x013B7497+1120247]
GetHandleVerifier [0x013ACC16+1077110]
Ordinal0 [0x01183206+1782278]
Ordinal0 [0x0118C3BB+1819579]
Ordinal0 [0x0118C523+1819939]
Ordinal0 [0x011A2B45+1911621]
BaseThreadInitThunk [0x76B93677+18]
RtlInitializeExceptionChain [0x77E69D72+99]
RtlInitializeExceptionChain [0x77E69D45+54]

at sun.reflect.NativeConstructorAccessorImpl.newInstance0(Native Method)
at sun.reflect.NativeConstructorAccessorImpl.newInstance(Unknown Source)
at sun.reflect.DelegatingConstructorAccessorImpl.newInstance(Unknown Source)
at java.lang.reflect.Constructor.newInstance(Unknown Source)
at org.openqa.selenium.remote.W3CHandshakeResponse.lambda$errorHandler$0(W3CHandshakeResponse.java:62)
at org.openqa.selenium.remote.HandshakeResponse.lambda$getResponseFunction$0(HandshakeResponse.java:30)
at org.openqa.selenium.remote.ProtocolHandshake.lambda$createSession$0(ProtocolHandshake.java:126)
at java.util.stream.ReferencePipeline$3$1.accept(Unknown Source)
at java.util.Spliterators$ArraySpliterator.tryAdvance(Unknown Source)
at java.util.stream.ReferencePipeline.forEachWithCancel(Unknown Source)
at java.util.stream.AbstractPipeline.copyIntoWithCancel(Unknown Source)
at java.util.stream.AbstractPipeline.copyInto(Unknown Source)
at java.util.stream.AbstractPipeline.wrapAndCopyInto(Unknown Source)
at java.util.stream.FindOps$FindOp.evaluateSequential(Unknown Source)
at java.util.stream.AbstractPipeline.evaluate(Unknown Source)
at java.util.stream.ReferencePipeline.findFirst(Unknown Source)
at org.openqa.selenium.remote.ProtocolHandshake.createSession(ProtocolHandshake.java:128)
at org.openqa.selenium.remote.ProtocolHandshake.createSession(ProtocolHandshake.java:74)
at org.openqa.selenium.remote.HttpCommandExecutor.execute(HttpCommandExecutor.java:136)
at org.openqa.selenium.remote.service.DriverCommandExecutor.execute(DriverCommandExecutor.java:83)
at org.openqa.selenium.remote.RemoteWebDriver.execute(RemoteWebDriver.java:552)
at org.openqa.selenium.remote.RemoteWebDriver.startSession(RemoteWebDriver.java:213)
at org.openqa.selenium.remote.RemoteWebDriver.<init>(RemoteWebDriver.java:131)
at org.openqa.selenium.chrome.ChromeDriver.<init>(ChromeDriver.java:181)
at org.openqa.selenium.chrome.ChromeDriver.<init>(ChromeDriver.java:168)
at org.openqa.selenium.chrome.ChromeDriver.<init>(ChromeDriver.java:123)
at Tndataprovider.openbrowser(Tndataprovider.java:17)
at sun.reflect.NativeMethodAccessorImpl.invoke0(Native Method)
at sun.reflect.NativeMethodAccessorImpl.invoke(Unknown Source)
at sun.reflect.DelegatingMethodAccessorImpl.invoke(Unknown Source)
at java.lang.reflect.Method.invoke(Unknown Source)
at org.testng.internal.MethodInvocationHelper.invokeMethod(MethodInvocationHelper.java:132)
at org.testng.internal.MethodInvocationHelper.invokeMethodConsideringTimeout(MethodInvocationHelper.java:61)
at org.testng.internal.ConfigInvoker.invokeConfigurationMethod(ConfigInvoker.java:366)
at org.testng.internal.ConfigInvoker.invokeConfigurations(ConfigInvoker.java:320)
at org.testng.internal.TestInvoker.runConfigMethods(TestInvoker.java:701)
at org.testng.internal.TestInvoker.invokeMethod(TestInvoker.java:527)
at org.testng.internal.TestInvoker.invokeTestMethod(TestInvoker.java:174)
at org.testng.internal.MethodRunner.runInSequence(MethodRunner.java:46)
at org.testng.internal.TestInvoker$MethodInvocationAgent.invoke(TestInvoker.java:822)
at org.testng.internal.TestInvoker.invokeTestMethods(TestInvoker.java:147)
at org.testng.internal.TestMethodWorker.invokeTestMethods(TestMethodWorker.java:146)
at org.testng.internal.TestMethodWorker.run(TestMethodWorker.java:128)
at java.util.ArrayList.forEach(Unknown Source)
at org.testng.TestRunner.privateRun(TestRunner.java:764)
at org.testng.TestRunner.run(TestRunner.java:585)
at org.testng.SuiteRunner.runTest(SuiteRunner.java:384)
at org.testng.SuiteRunner.runSequentially(SuiteRunner.java:378)
at org.testng.SuiteRunner.privateRun(SuiteRunner.java:337)
at org.testng.SuiteRunner.run(SuiteRunner.java:286)
at org.testng.SuiteRunnerWorker.runSuite(SuiteRunnerWorker.java:53)
at org.testng.SuiteRunnerWorker.run(SuiteRunnerWorker.java:96)
at org.testng.TestNG.runSuitesSequentially(TestNG.java:1218)
at org.testng.TestNG.runSuitesLocally(TestNG.java:1140)
at org.testng.TestNG.runSuites(TestNG.java:1069)
at org.testng.TestNG.run(TestNG.java:1037)
at org.testng.remote.AbstractRemoteTestNG.run(AbstractRemoteTestNG.java:115)
at org.testng.remote.RemoteTestNG.initAndRun(RemoteTestNG.java:251)
at org.testng.remote.RemoteTestNG.main(RemoteTestNG.java:77)
]]>
    </error>
  </testcase> <!-- openbrowser -->
  <system-out/>
  <testcase name="GetPageTitle" time="6.765" classname="Tndataprovider"/>
  <system-out/>
  <testcase name="Login" time="0.000" classname="Tndataprovider">
    <skipped/>
  </testcase> <!-- Login -->
  <system-out/>
  <testcase name="Login" time="0.000" classname="Tndataprovider">
    <skipped/>
  </testcase> <!-- Login -->
  <system-out/>
  <testcase name="Login" time="0.212" classname="Tndataprovider"/>
  <system-out/>
</testsuite> <!-- Tndataprovider -->
